<?xml version="1.0" encoding="UTF-8"?>
<!-- Generated by org.testng.reporters.JUnitReportReporter -->
<testsuite hostname="Admin-PC" failures="0" tests="4" name="Assignment.Assignment.Assignment1" time="0.020" errors="0" timestamp="2021-02-08T00:30:24 IST" skipped="0">
  <testcase classname="Assignment.Assignment.Assignment1" name="Multiplication" time="0.013"/>
  <system-out/>
  <testcase classname="Assignment.Assignment.Assignment1" name="division" time="0.002"/>
  <system-out/>
  <testcase classname="Assignment.Assignment.Assignment1" name="Addition" time="0.003"/>
  <system-out/>
  <testcase classname="Assignment.Assignment.Assignment1" name="Substraction" time="0.002"/>
  <system-out/>
</testsuite> <!-- Assignment.Assignment.Assignment1 -->
