<?xml version="1.0" encoding="UTF-8"?>
<!-- Generated by org.testng.reporters.JUnitReportReporter -->
<testsuite hostname="Admin-PC" failures="0" tests="4" name="Calculator.Assignment1" time="0.026" errors="0" timestamp="2021-02-08T01:39:29 IST" skipped="0">
  <testcase classname="Calculator.Assignment1" name="Multiplication" time="0.014"/>
  <system-out/>
  <testcase classname="Calculator.Assignment1" name="division" time="0.005"/>
  <system-out/>
  <testcase classname="Calculator.Assignment1" name="Addition" time="0.003"/>
  <system-out/>
  <testcase classname="Calculator.Assignment1" name="Substraction" time="0.004"/>
  <system-out/>
</testsuite> <!-- Calculator.Assignment1 -->
